Arguments: 
  /Users/weijiuling/.nvm/versions/node/v10.15.3/bin/node /usr/local/bin/yarn add @types/webpack.env -D

PATH: 
  /Library/Frameworks/Python.framework/Versions/3.6/bin:/Library/Frameworks/Python.framework/Versions/3.6/bin:/Users/weijiuling/.nvm/versions/node/v10.15.3/bin:/usr/local/opt/node@6/bin:/usr/local/bin:/usr/bin:/bin:/usr/sbin:/sbin:/Library/Frameworks/Python.framework/Versions/3.6/bin:/usr/local/opt/node@6/bin:/Users/weijiuling/Library/Android/sdk/tools:/Users/weijiuling/Library/Android/sdk/platform-tools:/Users/weijiuling/Library/Android/sdk/tools:/Users/weijiuling/Library/Android/sdk/platform-tools

Yarn version: 
  0.24.4

Node version: 
  10.15.3

Platform: 
  darwin x64

npm manifest: 
  {
    "name": "webpack-demo",
    "version": "1.0.0",
    "description": "",
    "main": "index.js",
    "scripts": {
      "test": "echo \"Error: no test specified\" && exit 1",
      "build": "webpack --config webpack.prod.js",
      "watch": "webpack --watch",
      "dev": "webpack-dev-server --config webpack.dev.js"
    },
    "keywords": [],
    "author": "",
    "license": "ISC",
    "devDependencies": {
      "@babel/core": "^7.4.5",
      "@babel/plugin-proposal-class-properties": "^7.5.0",
      "@babel/plugin-syntax-dynamic-import": "^7.2.0",
      "@babel/preset-env": "^7.4.5",
      "@babel/preset-react": "^7.0.0",
      "@types/react": "^16.8.23",
      "@types/react-dom": "^16.8.5",
      "autoprefixer": "^9.6.0",
      "awesome-typescript-loader": "^5.2.1",
      "babel-loader": "^8.0.6",
      "babel-preset-es2015": "^6.24.1",
      "clean-webpack-plugin": "^3.0.0",
      "css-loader": "^3.0.0",
      "cssnano": "^4.1.10",
      "file-loader": "^4.0.0",
      "glob": "^7.1.4",
      "html-webpack-externals-plugin": "^3.8.0",
      "html-webpack-plugin": "^3.2.0",
      "http-proxy-middleware": "^0.19.1",
      "less": "^3.9.0",
      "less-loader": "^5.0.0",
      "mini-css-extract-plugin": "^0.7.0",
      "optimize-css-assets-webpack-plugin": "^5.0.3",
      "postcss-loader": "^3.0.0",
      "px2rem-loader": "^0.1.9",
      "raw-loader": "^0.5.1",
      "react": "^16.8.6",
      "react-dom": "^16.8.6",
      "style-loader": "^0.23.1",
      "typescript": "^3.5.3",
      "url-loader": "^2.0.1",
      "webpack": "^4.35.0",
      "webpack-cli": "^3.3.5",
      "webpack-dev-server": "^3.7.2"
    },
    "dependencies": {
      "axios": "^0.19.0",
      "lib-flexible": "^0.3.2"
    }
  }

yarn manifest: 
  No manifest

Lockfile: 
  No lockfile

Trace: 
  Error: https://registry.yarnpkg.com/@types%2fwebpack.env: Not found
      at Request.params.callback [as _callback] (/usr/local/Cellar/yarn/0.24.4/libexec/lib/yarn-cli.js:56242:18)
      at Request.self.callback (/usr/local/Cellar/yarn/0.24.4/libexec/lib/yarn-cli.js:107837:22)
      at Request.emit (events.js:189:13)
      at Request.<anonymous> (/usr/local/Cellar/yarn/0.24.4/libexec/lib/yarn-cli.js:108820:10)
      at Request.emit (events.js:189:13)
      at IncomingMessage.<anonymous> (/usr/local/Cellar/yarn/0.24.4/libexec/lib/yarn-cli.js:108740:12)
      at Object.onceWrapper (events.js:277:13)
      at IncomingMessage.emit (events.js:194:15)
      at endReadableNT (_stream_readable.js:1125:12)
      at process._tickCallback (internal/process/next_tick.js:63:19)
